TN:
SF:src/transcriptManager.ts
FN:13,initialize
FN:17,addDemoData
FN:24,getAll
FN:32,(anonymous_3)
FN:39,addStudent
FN:47,getTranscript
FN:48,(anonymous_6)
FN:52,getStudentIDs
FN:53,(anonymous_8)
FN:54,(anonymous_9)
FN:59,deleteStudent
FN:60,(anonymous_11)
FN:67,addGrade
FN:68,(anonymous_13)
FN:82,addGradeToTranscript
FN:84,(anonymous_15)
FN:91,getGrade
FN:92,(anonymous_17)
FN:93,(anonymous_18)
FNF:19
FNH:18
FNDA:13,initialize
FNDA:0,addDemoData
FNDA:3,getAll
FNDA:15,(anonymous_3)
FNDA:15,addStudent
FNDA:5,getTranscript
FNDA:4,(anonymous_6)
FNDA:2,getStudentIDs
FNDA:6,(anonymous_8)
FNDA:3,(anonymous_9)
FNDA:3,deleteStudent
FNDA:3,(anonymous_11)
FNDA:8,addGrade
FNDA:7,(anonymous_13)
FNDA:7,addGradeToTranscript
FNDA:2,(anonymous_15)
FNDA:2,getGrade
FNDA:2,(anonymous_17)
FNDA:2,(anonymous_18)
DA:11,1
DA:13,1
DA:14,13
DA:17,1
DA:18,0
DA:19,0
DA:20,0
DA:21,0
DA:24,1
DA:25,3
DA:30,1
DA:33,15
DA:34,15
DA:39,1
DA:40,15
DA:41,15
DA:42,15
DA:43,15
DA:47,1
DA:48,5
DA:52,1
DA:53,6
DA:54,3
DA:59,1
DA:60,3
DA:61,3
DA:62,1
DA:64,2
DA:67,1
DA:68,8
DA:69,8
DA:70,1
DA:72,7
DA:73,7
DA:74,7
DA:76,2
DA:83,7
DA:84,7
DA:85,2
DA:87,5
DA:91,1
DA:92,2
DA:93,2
DA:94,2
DA:95,1
DA:98,1
LF:46
LH:42
BRDA:39,0,0,15
BRDA:61,1,0,1
BRDA:69,2,0,1
BRDA:84,3,0,2
BRDA:94,4,0,1
BRF:5
BRH:5
end_of_record
